<?xml version='1.0' encoding='UTF-8'?>
<dataset>
    <book id="19" bookname="卫斯理历险记a" price="100.0"/>
    <book id="20" bookname="卫斯理历险记b" price="1000.0"/>
    <book id="24" bookname="卫斯理历险记c" price="100.0"/>
    <book id="25" bookname="卫斯理历险记d" price="200.0"/>
    <book id="26" bookname="卫斯理历险记e" price="900.0"/>
    <book id="27" bookname="卫斯理历险记f" price="20.0"/>
    <book id="28" bookname="卫斯理历险记g" price="30.0"/>
</dataset>
